00:18:32.295 [main] INFO  com.intuit.karate.Runner - karate.env is: 'e2e'
00:18:33.344 [main] DEBUG com.intuit.karate.Suite - [config] classpath:karate-config.js
00:18:35.036 [main] INFO  com.intuit.karate - karate.env system property was: e2e 
00:18:35.616 [main] DEBUG com.intuit.karate - request:
1 > GET https://reqres.in/api/users/2
1 > Host: reqres.in
1 > Connection: Keep-Alive
1 > User-Agent: Apache-HttpClient/4.5.13 (Java/11.0.22)
1 > Accept-Encoding: gzip,deflate


00:18:36.892 [main] DEBUG com.intuit.karate - response time in milliseconds: 1268
1 < 200
1 < Date: Fri, 07 Jun 2024 05:18:36 GMT
1 < Content-Type: application/json; charset=utf-8
1 < Transfer-Encoding: chunked
1 < Connection: keep-alive
1 < Report-To: {"group":"heroku-nel","max_age":3600,"endpoints":[{"url":"https://nel.heroku.com/reports?ts=1715196650&sid=c4c9725f-1ab0-44d8-820f-430df2718e11&s=UHdpldqOD6TtpczF%2FSwT6CBEQmTxrWQUnHiT6kIMexM%3D"}]}
1 < Reporting-Endpoints: heroku-nel=https://nel.heroku.com/reports?ts=1715196650&sid=c4c9725f-1ab0-44d8-820f-430df2718e11&s=UHdpldqOD6TtpczF%2FSwT6CBEQmTxrWQUnHiT6kIMexM%3D
1 < Nel: {"report_to":"heroku-nel","max_age":3600,"success_fraction":0.005,"failure_fraction":0.05,"response_headers":["Via"]}
1 < X-Powered-By: Express
1 < Access-Control-Allow-Origin: *
1 < Etag: W/"118-pbdwwFo9SKNhD3Lx5iHJyngpq00"
1 < Via: 1.1 vegur
1 < Cache-Control: max-age=14400
1 < CF-Cache-Status: REVALIDATED
1 < Vary: Accept-Encoding
1 < Server: cloudflare
1 < CF-RAY: 88fe2eb3584b7878-ARI
{"data":{"id":2,"email":"janet.weaver@reqres.in","first_name":"Janet","last_name":"Weaver","avatar":"https://reqres.in/img/faces/2-image.jpg"},"support":{"url":"https://reqres.in/#support-heading","text":"To keep ReqRes free, contributions towards server costs are appreciated!"}}

00:18:36.974 [main] INFO  com.intuit.karate - karate.env system property was: e2e 
00:18:36.976 [main] DEBUG com.intuit.karate - request:
1 > GET https://reqres.in/api/users/23
1 > Host: reqres.in
1 > Connection: Keep-Alive
1 > User-Agent: Apache-HttpClient/4.5.13 (Java/11.0.22)
1 > Accept-Encoding: gzip,deflate


00:18:37.584 [main] DEBUG com.intuit.karate - response time in milliseconds: 608
1 < 404
1 < Date: Fri, 07 Jun 2024 05:18:37 GMT
1 < Content-Type: application/json; charset=utf-8
1 < Content-Length: 2
1 < Connection: keep-alive
1 < Report-To: {"group":"heroku-nel","max_age":3600,"endpoints":[{"url":"https://nel.heroku.com/reports?ts=1717737517&sid=c4c9725f-1ab0-44d8-820f-430df2718e11&s=CrEfA%2FdM6RtVMmklhSIBOj5Drq4bZTuFl7GQ7SY8cTY%3D"}]}
1 < Reporting-Endpoints: heroku-nel=https://nel.heroku.com/reports?ts=1717737517&sid=c4c9725f-1ab0-44d8-820f-430df2718e11&s=CrEfA%2FdM6RtVMmklhSIBOj5Drq4bZTuFl7GQ7SY8cTY%3D
1 < Nel: {"report_to":"heroku-nel","max_age":3600,"success_fraction":0.005,"failure_fraction":0.05,"response_headers":["Via"]}
1 < X-Powered-By: Express
1 < Access-Control-Allow-Origin: *
1 < Etag: W/"2-vyGp6PvFo4RvsFtPoIWeCReyIC8"
1 < Via: 1.1 vegur
1 < Cache-Control: max-age=14400
1 < CF-Cache-Status: EXPIRED
1 < Vary: Accept-Encoding
1 < Server: cloudflare
1 < CF-RAY: 88fe2eb8bbaac848-ARI
{}

00:18:37.609 [main] INFO  com.intuit.karate - karate.env system property was: e2e 
00:18:37.614 [main] DEBUG com.intuit.karate - request:
1 > GET https://reqres.in/api/unknown/2
1 > Host: reqres.in
1 > Connection: Keep-Alive
1 > User-Agent: Apache-HttpClient/4.5.13 (Java/11.0.22)
1 > Accept-Encoding: gzip,deflate


00:18:38.285 [main] DEBUG com.intuit.karate - response time in milliseconds: 671
1 < 200
1 < Date: Fri, 07 Jun 2024 05:18:38 GMT
1 < Content-Type: application/json; charset=utf-8
1 < Transfer-Encoding: chunked
1 < Connection: keep-alive
1 < Report-To: {"group":"heroku-nel","max_age":3600,"endpoints":[{"url":"https://nel.heroku.com/reports?ts=1716670711&sid=c4c9725f-1ab0-44d8-820f-430df2718e11&s=sWRaKDR1Tw%2FWsM2d81TpdXw8Kzw1vH0d6T8ZGq4GV0c%3D"}]}
1 < Reporting-Endpoints: heroku-nel=https://nel.heroku.com/reports?ts=1716670711&sid=c4c9725f-1ab0-44d8-820f-430df2718e11&s=sWRaKDR1Tw%2FWsM2d81TpdXw8Kzw1vH0d6T8ZGq4GV0c%3D
1 < Nel: {"report_to":"heroku-nel","max_age":3600,"success_fraction":0.005,"failure_fraction":0.05,"response_headers":["Via"]}
1 < X-Powered-By: Express
1 < Access-Control-Allow-Origin: *
1 < Etag: W/"e8-ov4wWh4/OY1IMQMqWgskYtOFnVs"
1 < Via: 1.1 vegur
1 < Cache-Control: max-age=14400
1 < CF-Cache-Status: REVALIDATED
1 < Vary: Accept-Encoding
1 < Server: cloudflare
1 < CF-RAY: 88fe2ebccc94c838-ARI
{"data":{"id":2,"name":"fuchsia rose","year":2001,"color":"#C74375","pantone_value":"17-2031"},"support":{"url":"https://reqres.in/#support-heading","text":"To keep ReqRes free, contributions towards server costs are appreciated!"}}

00:18:38.344 [main] INFO  com.intuit.karate - karate.env system property was: e2e 
00:18:38.359 [main] DEBUG com.intuit.karate - request:
1 > GET https://reqres.in/api/unknown/23
1 > Host: reqres.in
1 > Connection: Keep-Alive
1 > User-Agent: Apache-HttpClient/4.5.13 (Java/11.0.22)
1 > Accept-Encoding: gzip,deflate


00:18:38.909 [main] DEBUG com.intuit.karate - response time in milliseconds: 537
1 < 404
1 < Date: Fri, 07 Jun 2024 05:18:38 GMT
1 < Content-Type: application/json; charset=utf-8
1 < Content-Length: 2
1 < Connection: keep-alive
1 < Report-To: {"group":"heroku-nel","max_age":3600,"endpoints":[{"url":"https://nel.heroku.com/reports?ts=1717737518&sid=c4c9725f-1ab0-44d8-820f-430df2718e11&s=S0otov12WUbOunoduTWxlDJRljwLuvKdgitFmveLcBY%3D"}]}
1 < Reporting-Endpoints: heroku-nel=https://nel.heroku.com/reports?ts=1717737518&sid=c4c9725f-1ab0-44d8-820f-430df2718e11&s=S0otov12WUbOunoduTWxlDJRljwLuvKdgitFmveLcBY%3D
1 < Nel: {"report_to":"heroku-nel","max_age":3600,"success_fraction":0.005,"failure_fraction":0.05,"response_headers":["Via"]}
1 < X-Powered-By: Express
1 < Access-Control-Allow-Origin: *
1 < Etag: W/"2-vyGp6PvFo4RvsFtPoIWeCReyIC8"
1 < Via: 1.1 vegur
1 < Cache-Control: max-age=14400
1 < CF-Cache-Status: EXPIRED
1 < Vary: Accept-Encoding
1 < Server: cloudflare
1 < CF-RAY: 88fe2ec1280dc848-ARI
{}

00:18:38.974 [main] INFO  com.intuit.karate - karate.env system property was: e2e 
00:18:38.984 [main] DEBUG com.intuit.karate - request:
1 > GET https://petstore3.swagger.io/api/v3/pet/6
1 > Host: petstore3.swagger.io
1 > Connection: Keep-Alive
1 > User-Agent: Apache-HttpClient/4.5.13 (Java/11.0.22)
1 > Accept-Encoding: gzip,deflate


00:18:39.718 [main] DEBUG com.intuit.karate - response time in milliseconds: 734
1 < 200
1 < Date: Fri, 07 Jun 2024 05:18:39 GMT
1 < Content-Type: application/json
1 < Content-Length: 156
1 < Connection: keep-alive
1 < Access-Control-Allow-Origin: *
1 < Access-Control-Allow-Methods: GET, POST, DELETE, PUT
1 < Access-Control-Allow-Headers: Content-Type, api_key, Authorization
1 < Access-Control-Expose-Headers: Content-Disposition
1 < Server: Jetty(9.4.53.v20231009)
{"id":6,"name":"Special_char_owner_!@#$^&()`.testing","photoUrls":["https://petstore3.swagger.io/resources/photos/623389095.jpg"],"tags":[],"status":"sold"}

00:18:39.758 [main] INFO  com.intuit.karate - karate.env system property was: e2e 
00:18:39.766 [main] DEBUG com.intuit.karate - request:
1 > GET https://petstore3.swagger.io/api/v3/pet/1
1 > Host: petstore3.swagger.io
1 > Connection: Keep-Alive
1 > User-Agent: Apache-HttpClient/4.5.13 (Java/11.0.22)
1 > Accept-Encoding: gzip,deflate


00:18:40.134 [main] DEBUG com.intuit.karate - response time in milliseconds: 368
1 < 404
1 < Date: Fri, 07 Jun 2024 05:18:39 GMT
1 < Content-Type: application/xml
1 < Content-Length: 13
1 < Connection: keep-alive
1 < Access-Control-Allow-Origin: *
1 < Access-Control-Allow-Methods: GET, POST, DELETE, PUT
1 < Access-Control-Allow-Headers: Content-Type, api_key, Authorization
1 < Access-Control-Expose-Headers: Content-Disposition
1 < Server: Jetty(9.4.53.v20231009)
Pet not found

00:18:40.147 [main] INFO  com.intuit.karate - karate.env system property was: e2e 
00:18:40.147 [main] DEBUG com.intuit.karate - request:
1 > GET https://petstore3.swagger.io/api/v3/order/1
1 > Host: petstore3.swagger.io
1 > Connection: Keep-Alive
1 > User-Agent: Apache-HttpClient/4.5.13 (Java/11.0.22)
1 > Accept-Encoding: gzip,deflate


00:18:40.639 [main] DEBUG com.intuit.karate - response time in milliseconds: 492
1 < 404
1 < Date: Fri, 07 Jun 2024 05:18:40 GMT
1 < Content-Type: application/json
1 < Content-Length: 43
1 < Connection: keep-alive
1 < Access-Control-Allow-Origin: *
1 < Access-Control-Allow-Methods: GET, POST, DELETE, PUT
1 < Access-Control-Allow-Headers: Content-Type, api_key, Authorization
1 < Access-Control-Expose-Headers: Content-Disposition
1 < Server: Jetty(9.4.53.v20231009)
{"code":404,"message":"HTTP 404 Not Found"}

00:18:40.654 [main] INFO  com.intuit.karate - karate.env system property was: e2e 
00:18:40.664 [main] DEBUG com.intuit.karate - request:
1 > POST https://reqres.in/api/users%7B%22name%22:%20%22morpheus%22,%20%22job%22:%20%22leader%22%7D
1 > Host: reqres.in
1 > Connection: Keep-Alive
1 > User-Agent: Apache-HttpClient/4.5.13 (Java/11.0.22)
1 > Accept-Encoding: gzip,deflate


00:18:41.267 [main] DEBUG com.intuit.karate - response time in milliseconds: 598
1 < 201
1 < Date: Fri, 07 Jun 2024 05:18:40 GMT
1 < Content-Type: application/json; charset=utf-8
1 < Content-Length: 51
1 < Connection: keep-alive
1 < Report-To: {"group":"heroku-nel","max_age":3600,"endpoints":[{"url":"https://nel.heroku.com/reports?ts=1717737520&sid=c4c9725f-1ab0-44d8-820f-430df2718e11&s=7a9IYe2Jvh8Vzx8P0QWrSJ1DfZJXnplFfQ6TY5iWTCg%3D"}]}
1 < Reporting-Endpoints: heroku-nel=https://nel.heroku.com/reports?ts=1717737520&sid=c4c9725f-1ab0-44d8-820f-430df2718e11&s=7a9IYe2Jvh8Vzx8P0QWrSJ1DfZJXnplFfQ6TY5iWTCg%3D
1 < Nel: {"report_to":"heroku-nel","max_age":3600,"success_fraction":0.005,"failure_fraction":0.05,"response_headers":["Via"]}
1 < X-Powered-By: Express
1 < Access-Control-Allow-Origin: *
1 < Etag: W/"33-n2RpVL8zWtMXEwGT/3ZRbv3riEU"
1 < Via: 1.1 vegur
1 < CF-Cache-Status: DYNAMIC
1 < Server: cloudflare
1 < CF-RAY: 88fe2ecf898e7877-ARI
{"id":"337","createdAt":"2024-06-07T05:18:40.876Z"}

00:18:41.344 [main] INFO  com.intuit.karate - karate.env system property was: e2e 
00:18:41.352 [main] DEBUG com.intuit.karate - request:
1 > POST https://reqres.in/api/register%7B%22email%22:%20%22eve.holt@reqres.in%22,%20%22password%22:%20%22pistol%22%7D
1 > Host: reqres.in
1 > Connection: Keep-Alive
1 > User-Agent: Apache-HttpClient/4.5.13 (Java/11.0.22)
1 > Accept-Encoding: gzip,deflate


00:18:41.889 [main] DEBUG com.intuit.karate - response time in milliseconds: 537
1 < 201
1 < Date: Fri, 07 Jun 2024 05:18:41 GMT
1 < Content-Type: application/json; charset=utf-8
1 < Content-Length: 51
1 < Connection: keep-alive
1 < Report-To: {"group":"heroku-nel","max_age":3600,"endpoints":[{"url":"https://nel.heroku.com/reports?ts=1717737521&sid=c4c9725f-1ab0-44d8-820f-430df2718e11&s=U7QhfD2lV3nhsN7JXXnk3Qw2wCMjQNbAz08v6AUvXko%3D"}]}
1 < Reporting-Endpoints: heroku-nel=https://nel.heroku.com/reports?ts=1717737521&sid=c4c9725f-1ab0-44d8-820f-430df2718e11&s=U7QhfD2lV3nhsN7JXXnk3Qw2wCMjQNbAz08v6AUvXko%3D
1 < Nel: {"report_to":"heroku-nel","max_age":3600,"success_fraction":0.005,"failure_fraction":0.05,"response_headers":["Via"]}
1 < X-Powered-By: Express
1 < Access-Control-Allow-Origin: *
1 < Etag: W/"33-HaxOnz1GtVAhOKBMdCtzwZQrMpY"
1 < Via: 1.1 vegur
1 < CF-Cache-Status: DYNAMIC
1 < Server: cloudflare
1 < CF-RAY: 88fe2ed3db417877-ARI
{"id":"404","createdAt":"2024-06-07T05:18:41.538Z"}

00:18:41.904 [main] INFO  com.intuit.karate - karate.env system property was: e2e 
00:18:41.904 [main] DEBUG com.intuit.karate - request:
1 > POST https://reqres.in/api/login%7B%22email%22:%20%22eve.holt@reqres.in%22,%20%22password%22:%20%22cityslicka%22%7D
1 > Host: reqres.in
1 > Connection: Keep-Alive
1 > User-Agent: Apache-HttpClient/4.5.13 (Java/11.0.22)
1 > Accept-Encoding: gzip,deflate


00:18:42.489 [main] DEBUG com.intuit.karate - response time in milliseconds: 580
1 < 201
1 < Date: Fri, 07 Jun 2024 05:18:42 GMT
1 < Content-Type: application/json; charset=utf-8
1 < Content-Length: 51
1 < Connection: keep-alive
1 < Report-To: {"group":"heroku-nel","max_age":3600,"endpoints":[{"url":"https://nel.heroku.com/reports?ts=1717737522&sid=c4c9725f-1ab0-44d8-820f-430df2718e11&s=fmEeq4I3WElz%2FSmogOW5%2BsdWaH9lybTb2H71V0u4gXg%3D"}]}
1 < Reporting-Endpoints: heroku-nel=https://nel.heroku.com/reports?ts=1717737522&sid=c4c9725f-1ab0-44d8-820f-430df2718e11&s=fmEeq4I3WElz%2FSmogOW5%2BsdWaH9lybTb2H71V0u4gXg%3D
1 < Nel: {"report_to":"heroku-nel","max_age":3600,"success_fraction":0.005,"failure_fraction":0.05,"response_headers":["Via"]}
1 < X-Powered-By: Express
1 < Access-Control-Allow-Origin: *
1 < Etag: W/"33-9kzEorw7BR5jpDvUTRAztFELJ68"
1 < Via: 1.1 vegur
1 < CF-Cache-Status: DYNAMIC
1 < Server: cloudflare
1 < CF-RAY: 88fe2ed75b94c840-ARI
{"id":"373","createdAt":"2024-06-07T05:18:42.145Z"}

00:18:42.508 [main] INFO  com.intuit.karate - karate.env system property was: e2e 
00:18:42.516 [main] DEBUG com.intuit.karate - request:
1 > PATCH https://reqres.in/api/users/2%7B%22name%22:%20%22morpheus%22,%20%22job%22:%20%22zion%20resident%22%7D
1 > Host: reqres.in
1 > Connection: Keep-Alive
1 > User-Agent: Apache-HttpClient/4.5.13 (Java/11.0.22)
1 > Accept-Encoding: gzip,deflate


00:18:43.099 [main] DEBUG com.intuit.karate - response time in milliseconds: 583
1 < 200
1 < Date: Fri, 07 Jun 2024 05:18:42 GMT
1 < Content-Type: application/json; charset=utf-8
1 < Content-Length: 40
1 < Connection: keep-alive
1 < Report-To: {"group":"heroku-nel","max_age":3600,"endpoints":[{"url":"https://nel.heroku.com/reports?ts=1717737522&sid=c4c9725f-1ab0-44d8-820f-430df2718e11&s=fmEeq4I3WElz%2FSmogOW5%2BsdWaH9lybTb2H71V0u4gXg%3D"}]}
1 < Reporting-Endpoints: heroku-nel=https://nel.heroku.com/reports?ts=1717737522&sid=c4c9725f-1ab0-44d8-820f-430df2718e11&s=fmEeq4I3WElz%2FSmogOW5%2BsdWaH9lybTb2H71V0u4gXg%3D
1 < Nel: {"report_to":"heroku-nel","max_age":3600,"success_fraction":0.005,"failure_fraction":0.05,"response_headers":["Via"]}
1 < X-Powered-By: Express
1 < Access-Control-Allow-Origin: *
1 < Etag: W/"28-G0dAGIkZf6TGCRvLILj9EMClOT8"
1 < Via: 1.1 vegur
1 < CF-Cache-Status: DYNAMIC
1 < Server: cloudflare
1 < CF-RAY: 88fe2edb1cedc848-ARI
{"updatedAt":"2024-06-07T05:18:42.715Z"}

00:18:43.107 [main] INFO  com.intuit.karate - karate.env system property was: e2e 
00:18:43.115 [main] DEBUG com.intuit.karate - request:
1 > DELETE https://reqres.in/api/users/2
1 > Host: reqres.in
1 > Connection: Keep-Alive
1 > User-Agent: Apache-HttpClient/4.5.13 (Java/11.0.22)
1 > Accept-Encoding: gzip,deflate


00:18:43.715 [main] DEBUG com.intuit.karate - response time in milliseconds: 600
1 < 204
1 < Date: Fri, 07 Jun 2024 05:18:43 GMT
1 < Content-Length: 0
1 < Connection: keep-alive
1 < Report-To: {"group":"heroku-nel","max_age":3600,"endpoints":[{"url":"https://nel.heroku.com/reports?ts=1717737523&sid=c4c9725f-1ab0-44d8-820f-430df2718e11&s=1rXlMqV9KvzX2CW01uQzYItkXRzSkgHWRcsXc31jowM%3D"}]}
1 < Reporting-Endpoints: heroku-nel=https://nel.heroku.com/reports?ts=1717737523&sid=c4c9725f-1ab0-44d8-820f-430df2718e11&s=1rXlMqV9KvzX2CW01uQzYItkXRzSkgHWRcsXc31jowM%3D
1 < Nel: {"report_to":"heroku-nel","max_age":3600,"success_fraction":0.005,"failure_fraction":0.05,"response_headers":["Via"]}
1 < X-Powered-By: Express
1 < Access-Control-Allow-Origin: *
1 < Etag: W/"2-vyGp6PvFo4RvsFtPoIWeCReyIC8"
1 < Via: 1.1 vegur
1 < CF-Cache-Status: DYNAMIC
1 < Server: cloudflare
1 < CF-RAY: 88fe2edede8ae60a-ARI


00:18:43.724 [main] INFO  com.intuit.karate - karate.env system property was: e2e 
00:18:43.729 [main] DEBUG com.intuit.karate - request:
1 > DELETE https://petstore3.swagger.io/api/v3/store/order/5
1 > Host: petstore3.swagger.io
1 > Connection: Keep-Alive
1 > User-Agent: Apache-HttpClient/4.5.13 (Java/11.0.22)
1 > Accept-Encoding: gzip,deflate


00:18:44.226 [main] DEBUG com.intuit.karate - response time in milliseconds: 497
1 < 200
1 < Date: Fri, 07 Jun 2024 05:18:43 GMT
1 < Content-Length: 0
1 < Connection: keep-alive
1 < Access-Control-Allow-Origin: *
1 < Access-Control-Allow-Methods: GET, POST, DELETE, PUT
1 < Access-Control-Allow-Headers: Content-Type, api_key, Authorization
1 < Access-Control-Expose-Headers: Content-Disposition
1 < Server: Jetty(9.4.53.v20231009)


00:18:44.258 [main] INFO  com.intuit.karate - karate.env system property was: e2e 
00:18:44.267 [main] DEBUG com.intuit.karate - request:
1 > DELETE https://petstore3.swagger.io/api/v3/store/order/a
1 > Host: petstore3.swagger.io
1 > Connection: Keep-Alive
1 > User-Agent: Apache-HttpClient/4.5.13 (Java/11.0.22)
1 > Accept-Encoding: gzip,deflate


00:18:44.742 [main] DEBUG com.intuit.karate - response time in milliseconds: 475
1 < 400
1 < Date: Fri, 07 Jun 2024 05:18:44 GMT
1 < Content-Type: application/json
1 < Content-Length: 89
1 < Connection: keep-alive
1 < Access-Control-Allow-Origin: *
1 < Access-Control-Allow-Methods: GET, POST, DELETE, PUT
1 < Access-Control-Allow-Headers: Content-Type, api_key, Authorization
1 < Access-Control-Expose-Headers: Content-Disposition
1 < Server: Jetty(9.4.53.v20231009)
{"code":400,"message":"Input error: couldn't convert `a` to type `class java.lang.Long`"}

